<?xml version="1.0" encoding="UTF-8"?>
<!-- Generated by org.testng.reporters.JUnitXMLReporter -->
<testsuite hostname="DESKTOP-RLAFTJR" failures="0" tests="3" name="Nopackage" time="52.062" errors="0" timestamp="15 Sep 2021 14:32:07 GMT">
  <testcase classname="com.hrms.testscript.TC001" name="TC001" time="17.891"/>
  <testcase classname="com.hrms.testscript.TC002" name="TC002" time="21.642"/>
  <testcase classname="com.hrms.testscript.TC003" name="TC003" time="12.493"/>
</testsuite> <!-- Nopackage -->
